d:\소현\과제\3_1\컴그실1\tutorial2\tutorial2\debug\vc141.pdb
d:\소현\과제\3_1\컴그실1\tutorial2\tutorial2\debug\vc141.idb
d:\소현\과제\3_1\컴그실1\tutorial2\tutorial2\debug\systemclass.obj
d:\소현\과제\3_1\컴그실1\tutorial2\tutorial2\debug\main.obj
d:\소현\과제\3_1\컴그실1\tutorial2\tutorial2\debug\inputclass.obj
d:\소현\과제\3_1\컴그실1\tutorial2\tutorial2\debug\graphicsclass.obj
d:\github\cgp1\tutorial2\tutorial2\debug\vc141.pdb
d:\github\cgp1\tutorial2\tutorial2\debug\vc141.idb
d:\github\cgp1\tutorial2\tutorial2\debug\systemclass.obj
d:\github\cgp1\tutorial2\tutorial2\debug\main.obj
d:\github\cgp1\tutorial2\tutorial2\debug\inputclass.obj
d:\github\cgp1\tutorial2\tutorial2\debug\graphicsclass.obj
d:\github\cgp1\tutorial2\tutorial2\debug\modelclass.obj
d:\github\cgp1\tutorial2\tutorial2\debug\cameraclass.obj
d:\github\cgp1\tutorial2\tutorial2\debug\colorshaderclass.obj
d:\github\cgp1\tutorial2\tutorial2\debug\d3dclass.obj
d:\github\cgp\tutorial2\tutorial2\debug\vc141.pdb
d:\github\cgp\tutorial2\tutorial2\debug\vc141.idb
d:\github\cgp\tutorial2\tutorial2\debug\textureclass.obj
d:\github\cgp\tutorial2\tutorial2\debug\systemclass.obj
d:\github\cgp\tutorial2\tutorial2\debug\modelclass.obj
d:\github\cgp\tutorial2\tutorial2\debug\main.obj
d:\github\cgp\tutorial2\tutorial2\debug\inputclass.obj
d:\github\cgp\tutorial2\tutorial2\debug\graphicsclass.obj
d:\github\cgp\tutorial2\tutorial2\debug\d3dclass.obj
d:\github\cgp\tutorial2\tutorial2\debug\colorshaderclass.obj
d:\github\cgp\tutorial2\tutorial2\debug\cameraclass.obj
d:\github\cgp\tutorial2\tutorial2\debug\textureshaderclass.obj
d:\github\cgp\tutorial5\tutorial2\debug\vc141.pdb
d:\github\cgp\tutorial5\tutorial2\debug\vc141.idb
d:\github\cgp\tutorial5\tutorial2\debug\textureshaderclass.obj
d:\github\cgp\tutorial5\tutorial2\debug\textureclass.obj
d:\github\cgp\tutorial5\tutorial2\debug\modelclass.obj
d:\github\cgp\tutorial5\tutorial2\debug\main.obj
d:\github\cgp\tutorial5\tutorial2\debug\lightshaderclass.obj
d:\github\cgp\tutorial5\tutorial2\debug\lightclass.obj
d:\github\cgp\tutorial5\tutorial2\debug\inputclass.obj
d:\github\cgp\tutorial5\tutorial2\debug\d3dclass.obj
d:\github\cgp\tutorial5\tutorial2\debug\colorshaderclass.obj
d:\github\cgp\tutorial5\tutorial2\debug\cameraclass.obj
d:\소현\과제\3_1\컴그실1\tutorial2\debug\tutorial2.exe
d:\소현\과제\3_1\컴그실1\tutorial2\debug\tutorial2.ilk
d:\소현\과제\3_1\컴그실1\tutorial2\debug\tutorial2.pdb
d:\github\cgp1\tutorial2\debug\tutorial2.ilk
d:\github\cgp1\tutorial2\debug\tutorial2.exe
d:\github\cgp1\tutorial2\debug\tutorial2.pdb
d:\github\cgp\tutorial2\debug\tutorial2.exe
d:\github\cgp\tutorial2\debug\tutorial2.ilk
d:\github\cgp\tutorial2\debug\tutorial2.pdb
d:\github\cgp\tutorial5\tutorial2\debug\graphicsclass.obj
d:\github\cgp\tutorial5\tutorial2\debug\systemclass.obj
d:\github\cgp\tutorial5\debug\tutorial2.pdb
d:\github\cgp\tutorial5\debug\tutorial2.exe
d:\github\cgp\tutorial5\debug\tutorial2.ilk
d:\github\cgp\tutorial5\tutorial2\debug\tutorial2.tlog\cl.command.1.tlog
d:\github\cgp\tutorial5\tutorial2\debug\tutorial2.tlog\cl.read.1.tlog
d:\github\cgp\tutorial5\tutorial2\debug\tutorial2.tlog\cl.write.1.tlog
d:\github\cgp\tutorial5\tutorial2\debug\tutorial2.tlog\link.command.1.tlog
d:\github\cgp\tutorial5\tutorial2\debug\tutorial2.tlog\link.read.1.tlog
d:\github\cgp\tutorial5\tutorial2\debug\tutorial2.tlog\link.write.1.tlog
